[20:06:58] [Client thread/INFO]: Setting user: Player296
[20:07:01] [Client thread/INFO]: LWJGL Version: 2.9.1
[20:07:05] [Client thread/INFO]: Reloading ResourceManager: Default, FMLFileResourcePack:Forge Mod Loader, FMLFileResourcePack:Minecraft Forge, FMLFileResourcePack:AFFS
[20:07:05] [Sound Library Loader/INFO]: Starting up SoundSystem...
[20:07:05] [Thread-7/INFO]: Initializing LWJGL OpenAL
[20:07:05] [Thread-7/INFO]: (The LWJGL binding of OpenAL.  For more information, see http://www.lwjgl.org)
[20:07:05] [Thread-7/INFO]: OpenAL initialized.
[20:07:06] [Sound Library Loader/INFO]: Sound engine started
[20:07:07] [Client thread/INFO]: Created: 512x512 textures-atlas
[20:07:08] [Client thread/INFO]: Reloading ResourceManager: Default, FMLFileResourcePack:Forge Mod Loader, FMLFileResourcePack:Minecraft Forge, FMLFileResourcePack:AFFS
[20:07:08] [Client thread/INFO]: SoundSystem shutting down...
[20:07:08] [Client thread/WARN]: Author: Paul Lamb, www.paulscode.com
[20:07:08] [Sound Library Loader/INFO]: Starting up SoundSystem...
[20:07:08] [Thread-9/INFO]: Initializing LWJGL OpenAL
[20:07:08] [Thread-9/INFO]: (The LWJGL binding of OpenAL.  For more information, see http://www.lwjgl.org)
[20:07:08] [Thread-9/INFO]: OpenAL initialized.
[20:07:09] [Sound Library Loader/INFO]: Sound engine started
[20:07:10] [Client thread/INFO]: Created: 512x512 textures-atlas
[20:07:18] [Server thread/INFO]: Starting integrated minecraft server version 1.8
[20:07:18] [Server thread/INFO]: Generating keypair
[20:07:19] [Server thread/INFO]: Preparing start region for level 0
[20:07:19] [Server thread/INFO]: Changing view distance to 8, from 10
[20:07:20] [Server thread/INFO]: Player296[local:E:c7ba43f5] logged in with entity id 64 at (516.0642623762203, 4.0, 306.05450849487636)
[20:07:20] [Server thread/INFO]: Player296 joined the game
[20:07:57] [Server thread/INFO]: Player296 has just earned the achievement [Taking Inventory]
[20:07:57] [Client thread/INFO]: [CHAT] Player296 has just earned the achievement [Taking Inventory]
[20:08:19] [Server thread/INFO]: Saving and pausing game...
[20:08:19] [Server thread/INFO]: Saving chunks for level 'test'/Overworld
[20:08:19] [Server thread/INFO]: Saving chunks for level 'test'/Nether
[20:08:19] [Server thread/INFO]: Saving chunks for level 'test'/The End
[20:08:20] [Server thread/INFO]: Stopping server
[20:08:20] [Server thread/INFO]: Saving players
[20:08:20] [Server thread/INFO]: Saving worlds
[20:08:20] [Server thread/INFO]: Saving chunks for level 'test'/Overworld
[20:08:20] [Server thread/INFO]: Saving chunks for level 'test'/Nether
[20:08:20] [Server thread/INFO]: Saving chunks for level 'test'/The End
[20:08:21] [Client thread/INFO]: Stopping!
[20:08:21] [Client thread/INFO]: SoundSystem shutting down...
[20:08:21] [Client thread/WARN]: Author: Paul Lamb, www.paulscode.com
